<?xml version="1.0" encoding="UTF-8"?>
<!-- Generated by org.testng.reporters.JUnitXMLReporter -->
<testsuite ignored="2" hostname="LMMUMLP0202" failures="0" tests="3" name="Test" time="0.149" errors="0" timestamp="2024-01-25T10:43:51 IST">
  <testcase classname="Day6.TC001_MultiTest" name="test2" time="0.021"/>
  <testcase classname="Day6.TC001_MultiTest" name="test1" time="0.003"/>
  <testcase classname="Day6_2Grups.TC001_Grup" name="f" time="0.003"/>
  <testcase classname="Day6.TC001_MultiTest" name="test4" time="0.0">
    <ignored/>
  </testcase> <!-- test4 -->
  <testcase classname="Day6.TC001_MultiTest" name="test3" time="0.0">
    <ignored/>
  </testcase> <!-- test3 -->
</testsuite> <!-- Test -->
