<?xml version="1.0" encoding="UTF-8"?>
<testng-results ignored="0" total="2" passed="2" failed="0" skipped="0">
  <reporter-output>
  </reporter-output>
  <suite started-at="2024-01-28T03:53:28 IST" name="Default suite" finished-at="2024-01-28T03:54:03 IST" duration-ms="34927">
    <groups>
    </groups>
    <test started-at="2024-01-28T03:53:28 IST" name="Default test" finished-at="2024-01-28T03:54:03 IST" duration-ms="34927">
      <class name="TestCase.Luma_Booking">
        <test-method is-config="true" signature="beforeSuite()[pri:0, instance:TestCase.Luma_Booking@4c178a76]" started-at="2024-01-28T03:53:28 IST" name="beforeSuite" finished-at="2024-01-28T03:53:28 IST" duration-ms="9" status="PASS">
          <reporter-output>
          </reporter-output>
        </test-method> <!-- beforeSuite -->
        <test-method is-config="true" signature="beforeTest()[pri:0, instance:TestCase.Luma_Booking@4c178a76]" started-at="2024-01-28T03:53:28 IST" name="beforeTest" finished-at="2024-01-28T03:53:28 IST" duration-ms="0" status="PASS">
          <reporter-output>
          </reporter-output>
        </test-method> <!-- beforeTest -->
        <test-method is-config="true" signature="beforeClass()[pri:0, instance:TestCase.Luma_Booking@4c178a76]" started-at="2024-01-28T03:53:28 IST" name="beforeClass" finished-at="2024-01-28T03:53:28 IST" duration-ms="0" status="PASS">
          <reporter-output>
          </reporter-output>
        </test-method> <!-- beforeClass -->
        <test-method is-config="true" signature="beforeMethod()[pri:0, instance:TestCase.Luma_Booking@4c178a76]" started-at="2024-01-28T03:53:29 IST" name="beforeMethod" finished-at="2024-01-28T03:53:34 IST" duration-ms="5314" status="PASS">
          <reporter-output>
          </reporter-output>
        </test-method> <!-- beforeMethod -->
        <test-method signature="f(java.lang.String,java.lang.String)[pri:0, instance:TestCase.Luma_Booking@4c178a76]" started-at="2024-01-28T03:53:34 IST" name="f" data-provider="dp" finished-at="2024-01-28T03:53:46 IST" duration-ms="12007" status="PASS">
          <params>
            <param index="0">
              <value>
                <![CDATA[parsh@gmail.com]]>
              </value>
            </param>
            <param index="1">
              <value>
                <![CDATA[parshu#@123]]>
              </value>
            </param>
          </params>
          <reporter-output>
          </reporter-output>
        </test-method> <!-- f -->
        <test-method is-config="true" signature="beforeMethod()[pri:0, instance:TestCase.Luma_Booking@4c178a76]" started-at="2024-01-28T03:53:46 IST" name="beforeMethod" finished-at="2024-01-28T03:53:51 IST" duration-ms="4425" status="PASS">
          <reporter-output>
          </reporter-output>
        </test-method> <!-- beforeMethod -->
        <test-method is-config="true" signature="afterMethod()[pri:0, instance:TestCase.Luma_Booking@4c178a76]" started-at="2024-01-28T03:53:46 IST" name="afterMethod" finished-at="2024-01-28T03:53:46 IST" duration-ms="0" status="PASS">
          <reporter-output>
          </reporter-output>
        </test-method> <!-- afterMethod -->
        <test-method signature="f(java.lang.String,java.lang.String)[pri:0, instance:TestCase.Luma_Booking@4c178a76]" started-at="2024-01-28T03:53:51 IST" name="f" data-provider="dp" finished-at="2024-01-28T03:54:03 IST" duration-ms="12492" status="PASS">
          <params>
            <param index="0">
              <value>
                <![CDATA[rohi@gmail.com]]>
              </value>
            </param>
            <param index="1">
              <value>
                <![CDATA[Rohi@#123]]>
              </value>
            </param>
          </params>
          <reporter-output>
          </reporter-output>
        </test-method> <!-- f -->
        <test-method is-config="true" signature="afterMethod()[pri:0, instance:TestCase.Luma_Booking@4c178a76]" started-at="2024-01-28T03:54:03 IST" name="afterMethod" finished-at="2024-01-28T03:54:03 IST" duration-ms="1" status="PASS">
          <reporter-output>
          </reporter-output>
        </test-method> <!-- afterMethod -->
        <test-method is-config="true" signature="afterClass()[pri:0, instance:TestCase.Luma_Booking@4c178a76]" started-at="2024-01-28T03:54:03 IST" name="afterClass" finished-at="2024-01-28T03:54:03 IST" duration-ms="0" status="PASS">
          <reporter-output>
          </reporter-output>
        </test-method> <!-- afterClass -->
        <test-method is-config="true" signature="afterTest()[pri:0, instance:TestCase.Luma_Booking@4c178a76]" started-at="2024-01-28T03:54:03 IST" name="afterTest" finished-at="2024-01-28T03:54:03 IST" duration-ms="0" status="PASS">
          <reporter-output>
          </reporter-output>
        </test-method> <!-- afterTest -->
        <test-method is-config="true" signature="afterSuite()[pri:0, instance:TestCase.Luma_Booking@4c178a76]" started-at="2024-01-28T03:54:03 IST" name="afterSuite" finished-at="2024-01-28T03:54:03 IST" duration-ms="1" status="PASS">
          <reporter-output>
          </reporter-output>
        </test-method> <!-- afterSuite -->
      </class> <!-- TestCase.Luma_Booking -->
    </test> <!-- Default test -->
  </suite> <!-- Default suite -->
</testng-results>
